#
# There is insufficient memory for the Java Runtime Environment to continue.
# Native memory allocation (malloc) failed to allocate 1048576 bytes for AllocateHeap
# Possible reasons:
#   The system is out of physical RAM or swap space
#   In 32 bit mode, the process size limit was hit
# Possible solutions:
#   Reduce memory load on the system
#   Increase physical memory or swap space
#   Check if swap backing store is full
#   Use 64 bit Java on a 64 bit OS
#   Decrease Java heap size (-Xmx/-Xms)
#   Decrease number of Java threads
#   Decrease Java thread stack sizes (-Xss)
#   Set larger code cache with -XX:ReservedCodeCacheSize=
# This output file may be truncated or incomplete.
#
#  Out of Memory Error (memory/allocation.inline.hpp:61), pid=12112, tid=0x0000000000007558
#
# JRE version:  (8.0_121-b13) (build )
# Java VM: Java HotSpot(TM) 64-Bit Server VM (25.121-b13 mixed mode windows-amd64 compressed oops)
# Failed to write core dump. Minidumps are not enabled by default on client versions of Windows
#

---------------  T H R E A D  ---------------

Current thread (0x0000000002a60800):  JavaThread "Unknown thread" [_thread_in_vm, id=30040, stack(0x0000000002860000,0x0000000002960000)]

Stack: [0x0000000002860000,0x0000000002960000]
[error occurred during error reporting (printing stack bounds), id 0xc0000005]

Native frames: (J=compiled Java code, j=interpreted, Vv=VM code, C=native code)


---------------  P R O C E S S  ---------------

Java Threads: ( => current thread )

Other Threads:

=>0x0000000002a60800 (exited) JavaThread "Unknown thread" [_thread_in_vm, id=30040, stack(0x0000000002860000,0x0000000002960000)]

VM state:not at safepoint (normal execution)

VM Mutex/Monitor currently owned by a thread: None

Heap:
 PSYoungGen      total 38400K, used 665K [0x00000000d5580000, 0x00000000d8000000, 0x0000000100000000)
  eden space 33280K, 2% used [0x00000000d5580000,0x00000000d5626670,0x00000000d7600000)
  from space 5120K, 0% used [0x00000000d7b00000,0x00000000d7b00000,0x00000000d8000000)
  to   space 5120K, 0% used [0x00000000d7600000,0x00000000d7600000,0x00000000d7b00000)
 ParOldGen       total 87552K, used 0K [0x0000000080000000, 0x0000000085580000, 0x00000000d5580000)
  object space 87552K, 0% used [0x0000000080000000,0x0000000080000000,0x0000000085580000)
 Metaspace       used 746K, capacity 4480K, committed 4480K, reserved 1056768K
  class space    used 75K, capacity 384K, committed 384K, reserved 1048576K

Card table byte_map: [0x0000000011f20000,0x0000000012330000] byte_map_base: 0x0000000011b20000

Marking Bits: (ParMarkBitMap*) 0x000000006cf0b6d0
 Begin Bits: [0x00000000129e0000, 0x00000000149e0000)
 End Bits:   [0x00000000149e0000, 0x00000000169e0000)

Polling page: 0x0000000000ce0000

CodeCache: size=245760Kb used=328Kb max_used=328Kb free=245431Kb
 bounds [0x0000000002b60000, 0x0000000002dd0000, 0x0000000011b60000]
 total_blobs=57 nmethods=0 adapters=38
 compilation: enabled

Compilation events (0 events):
No events

GC Heap History (0 events):
No events

Deoptimization events (0 events):
No events

Internal exceptions (0 events):
No events

Events (10 events):
Event: 0.026 loading class java/lang/Short
Event: 0.026 loading class java/lang/Short done
Event: 0.026 loading class java/lang/Integer
Event: 0.027 loading class java/lang/Integer done
Event: 0.027 loading class java/lang/Long
Event: 0.027 loading class java/lang/Long done
Event: 0.027 loading class java/lang/NullPointerException
Event: 0.027 loading class java/lang/NullPointerException done
Event: 0.027 loading class java/lang/ArithmeticException
Event: 0.027 loading class java/lang/ArithmeticException done


Dynamic libraries:
0x00007ff7b1ca0000 - 0x00007ff7b1cd7000 	C:\Program Files\Java\jre1.8.0_121\bin\javaw.exe
0x00007ff89e470000 - 0x00007ff89e651000 	C:\WINDOWS\SYSTEM32\ntdll.dll
0x00007ff89be50000 - 0x00007ff89bf02000 	C:\WINDOWS\System32\KERNEL32.DLL
0x00007ff89b580000 - 0x00007ff89b7f3000 	C:\WINDOWS\System32\KERNELBASE.dll
0x00007ff89c090000 - 0x00007ff89c131000 	C:\WINDOWS\System32\ADVAPI32.dll
0x00007ff89c3d0000 - 0x00007ff89c46e000 	C:\WINDOWS\System32\msvcrt.dll
0x00007ff89c7a0000 - 0x00007ff89c7fb000 	C:\WINDOWS\System32\sechost.dll
0x00007ff89c2a0000 - 0x00007ff89c3c4000 	C:\WINDOWS\System32\RPCRT4.dll
0x00007ff89b900000 - 0x00007ff89ba90000 	C:\WINDOWS\System32\USER32.dll
0x00007ff89a890000 - 0x00007ff89a8b0000 	C:\WINDOWS\System32\win32u.dll
0x00007ff89be20000 - 0x00007ff89be48000 	C:\WINDOWS\System32\GDI32.dll
0x00007ff89b250000 - 0x00007ff89b3e2000 	C:\WINDOWS\System32\gdi32full.dll
0x00007ff89a8b0000 - 0x00007ff89a94f000 	C:\WINDOWS\System32\msvcp_win.dll
0x00007ff89b800000 - 0x00007ff89b8fa000 	C:\WINDOWS\System32\ucrtbase.dll
0x00007ff8989c0000 - 0x00007ff898c29000 	C:\WINDOWS\WinSxS\amd64_microsoft.windows.common-controls_6595b64144ccf1df_6.0.17134.376_none_fb439a3730647da2\COMCTL32.dll
0x00007ff89baf0000 - 0x00007ff89be13000 	C:\WINDOWS\System32\combase.dll
0x00007ff89b500000 - 0x00007ff89b57a000 	C:\WINDOWS\System32\bcryptPrimitives.dll
0x00007ff89c5d0000 - 0x00007ff89c5fd000 	C:\WINDOWS\System32\IMM32.DLL
0x00007ff89a620000 - 0x00007ff89a67d000 	C:\Program Files\Citrix\System32\MfApHook64.dll
0x00007ff899f70000 - 0x00007ff899f9b000 	C:\Program Files\Citrix\ICAService\CtxDodHook64.dll
0x00007ff89a540000 - 0x00007ff89a572000 	C:\Program Files\Citrix\ICAService\picaFullScreenHookX64.dll
0x00007ff899f00000 - 0x00007ff899f4e000 	C:\Program Files\Citrix\ICAService\ShellHook64.dll
0x00007ff89c8d0000 - 0x00007ff89dd0f000 	C:\WINDOWS\System32\SHELL32.dll
0x00007ff89a840000 - 0x00007ff89a889000 	C:\WINDOWS\System32\cfgmgr32.dll
0x00007ff89c1e0000 - 0x00007ff89c289000 	C:\WINDOWS\System32\shcore.dll
0x00007ff89ab40000 - 0x00007ff89b24d000 	C:\WINDOWS\System32\windows.storage.dll
0x00007ff89e3b0000 - 0x00007ff89e401000 	C:\WINDOWS\System32\shlwapi.dll
0x00007ff89a820000 - 0x00007ff89a831000 	C:\WINDOWS\System32\kernel.appcore.dll
0x00007ff89a7e0000 - 0x00007ff89a7ff000 	C:\WINDOWS\System32\profapi.dll
0x00007ff89a790000 - 0x00007ff89a7dc000 	C:\WINDOWS\System32\powrprof.dll
0x00007ff89a780000 - 0x00007ff89a78a000 	C:\WINDOWS\System32\FLTLIB.DLL
0x00007ff899d80000 - 0x00007ff899efe000 	C:\Program Files\Citrix\ICAService\SCardHook64.dll
0x00007ff899ce0000 - 0x00007ff899d0a000 	C:\Program Files\Citrix\ICAService\cxinjime64.dll
0x00007ff899bd0000 - 0x00007ff899c18000 	C:\Program Files\Citrix\ICAService\PicaWtsHook64.dll
0x000000006c610000 - 0x000000006c6e2000 	C:\Program Files\Java\jre1.8.0_121\bin\msvcr100.dll
0x000000006c6f0000 - 0x000000006cf8b000 	C:\Program Files\Java\jre1.8.0_121\bin\server\jvm.dll
0x00007ff89e430000 - 0x00007ff89e438000 	C:\WINDOWS\System32\PSAPI.DLL
0x00007ff8897e0000 - 0x00007ff8897e9000 	C:\WINDOWS\SYSTEM32\WSOCK32.dll
0x00007ff89def0000 - 0x00007ff89df5c000 	C:\WINDOWS\System32\WS2_32.dll
0x00007ff89a430000 - 0x00007ff89a43a000 	C:\WINDOWS\SYSTEM32\VERSION.dll
0x00007ff897830000 - 0x00007ff897853000 	C:\WINDOWS\SYSTEM32\WINMM.dll
0x00007ff897800000 - 0x00007ff89782a000 	C:\WINDOWS\SYSTEM32\WINMMBASE.dll
0x000000006da10000 - 0x000000006da1f000 	C:\Program Files\Java\jre1.8.0_121\bin\verify.dll
0x000000006d9e0000 - 0x000000006da09000 	C:\Program Files\Java\jre1.8.0_121\bin\java.dll
0x000000006d9c0000 - 0x000000006d9d6000 	C:\Program Files\Java\jre1.8.0_121\bin\zip.dll

VM Arguments:
jvm_args: -Dfile.encoding=Cp1252 
java_command: com.capgemini.bank.client.BankAccountClient
java_class_path (initial): C:\Java_Workspace\Bank-App-jdbc\bin;C:\SOFTWARES\Mysql jar\com.mysql.jdbc_5.1.5.jar
Launcher Type: SUN_STANDARD

Environment Variables:
PATH=C:/Program Files/Java/jre1.8.0_121/bin/server;C:/Program Files/Java/jre1.8.0_121/bin;C:/Program Files/Java/jre1.8.0_121/lib/amd64;C:\oraclexe\app\oracle\product\11.2.0\server\bin;;C:\Python34\;C:\Python34\Scripts;C:\oraclexe\app\oracle\product\11.2.0\server\bin;C:\ProgramData\Oracle\Java\javapath;C:\WINDOWS\system32;C:\WINDOWS;C:\WINDOWS\System32\Wbem;C:\WINDOWS\System32\WindowsPowerShell\v1.0\;C:\Program Files\TortoiseSVN\bin;C:\Program Files\nodejs\;C:\Program Files\Git\cmd;C:\Program Files (x86)\Microsoft SQL Server\110\Tools\Binn\ManagementStudio\;C:\Program Files (x86)\Microsoft SQL Server\110\Tools\Binn\;C:\Program Files (x86)\Microsoft SQL Server\110\DTS\Binn\;C:\WINDOWS\System32\OpenSSH\;C:\Program Files\dotnet\;C:\Program Files\Microsoft SQL Server\130\Tools\Binn\;C:\Program Files\Microsoft SQL Server\110\Tools\Binn\;C:\Program Files\Microsoft SQL Server\110\DTS\Binn\;C:\Program Files\Citrix\System32\;C:\Program Files\Citrix\ICAService\;C:\Users\dshakya\AppData\Local\Microsoft\WindowsApps;;C:\Users\dshakya\AppData\Local\Programs\Microsoft VS Code\bin;C:\SOFTWARES\sts-bundle\sts-3.9.7.RELEASE;
USERNAME=dshakya
OS=Windows_NT
PROCESSOR_IDENTIFIER=Intel64 Family 15 Model 6 Stepping 1, GenuineIntel



---------------  S Y S T E M  ---------------

OS: Windows 10.0 , 64 bit Build 17134 (10.0.17134.1)

CPU:total 4 (2 cores per cpu, 1 threads per core) family 15 model 6 stepping 1, cmov, cx8, fxsr, mmx, sse, sse2, sse3, ssse3, sse4.1, sse4.2, popcnt, avx, avx2, aes, clmul, erms, rtm, 3dnowpref, lzcnt, tsc, bmi1, bmi2, adx

Memory: 4k page, physical 8388056k(644364k free), swap 18697820k(6160k free)

vm_info: Java HotSpot(TM) 64-Bit Server VM (25.121-b13) for windows-amd64 JRE (1.8.0_121-b13), built on Dec 12 2016 18:21:36 by "java_re" with MS VC++ 10.0 (VS2010)

time: Tue Mar 26 16:41:41 2019
elapsed time: 0 seconds (0d 0h 0m 0s)

